SF:lib\src\core\errors\failures.dart
DA:6,4
DA:7,4
DA:11,2
DA:17,1
LF:4
LH:4
end_of_record
SF:lib\src\features\url_shortener\data\models\url_links_model.dart
DA:6,14
DA:11,2
DA:12,2
DA:13,2
DA:14,2
DA:18,3
DA:19,3
DA:20,3
DA:21,3
DA:25,6
DA:27,3
LF:11
LH:11
end_of_record
SF:lib\src\features\url_shortener\data\models\url_model.dart
DA:5,13
DA:7,1
DA:8,1
DA:9,1
DA:13,1
DA:14,1
DA:15,1
DA:19,3
DA:21,3
LF:9
LH:9
end_of_record
SF:lib\src\features\url_shortener\data\models\url_shortener_model.dart
DA:8,13
DA:13,1
DA:14,1
DA:15,1
DA:16,1
DA:20,2
DA:21,2
DA:22,2
DA:23,4
DA:27,3
DA:29,2
DA:30,4
LF:12
LH:12
end_of_record
SF:lib\src\features\url_shortener\domain\entities\url_links.dart
DA:7,14
DA:12,3
DA:13,3
DA:14,3
DA:15,3
LF:5
LH:5
end_of_record
SF:lib\src\features\url_shortener\domain\entities\url_shortener.dart
DA:9,14
DA:14,3
DA:15,3
DA:16,3
DA:17,3
LF:5
LH:5
end_of_record
SF:lib\src\features\url_shortener\data\datasources\url_shortener_remote_datasource.dart
DA:12,1
DA:14,1
DA:17,2
DA:20,1
DA:23,2
DA:24,2
DA:26,0
DA:28,1
DA:29,1
LF:9
LH:8
end_of_record
SF:lib\src\features\url_shortener\data\repositories\url_shortener_repository_impl.dart
DA:13,1
DA:15,1
DA:18,3
DA:20,1
DA:21,1
DA:22,1
DA:23,1
DA:26,1
DA:27,2
DA:29,0
LF:10
LH:9
end_of_record
SF:lib\src\features\url_shortener\domain\usecases\shorten_url_usecase.dart
DA:11,1
DA:13,1
DA:15,2
DA:17,2
DA:18,1
DA:19,1
DA:20,1
LF:7
LH:7
end_of_record
SF:lib\src\features\url_shortener\presentation\cubit\url_shortener_cubit.dart
DA:15,1
DA:16,2
DA:18,1
DA:19,3
DA:24,1
DA:25,6
DA:29,3
DA:34,4
DA:35,1
DA:36,1
DA:37,3
DA:42,1
DA:43,3
DA:45,3
LF:14
LH:14
end_of_record
SF:lib\src\features\url_shortener\presentation\cubit\url_shortener_state.dart
DA:11,12
DA:18,6
DA:27,3
DA:33,3
DA:34,3
DA:35,3
DA:36,3
DA:41,3
DA:42,3
DA:43,3
DA:44,3
DA:45,3
DA:46,3
LF:13
LH:13
end_of_record
SF:lib\src\features\url_shortener\presentation\widgets\url_shortener_content.dart
DA:6,2
DA:8,2
DA:22,6
DA:24,2
LF:4
LH:4
end_of_record
SF:lib\src\features\url_shortener\presentation\widgets\url_shortener_form.dart
DA:7,7
DA:9,3
DA:27,6
DA:29,3
DA:31,3
DA:32,1
DA:33,2
DA:40,3
DA:47,3
DA:52,3
DA:54,3
DA:59,3
DA:67,6
DA:69,3
DA:71,3
DA:72,3
DA:73,3
LF:17
LH:17
end_of_record
SF:lib\src\features\url_shortener\presentation\widgets\url_shortener_item.dart
DA:7,2
DA:9,2
DA:11,2
DA:13,2
DA:15,2
DA:16,2
DA:17,4
DA:25,2
DA:26,6
LF:9
LH:9
end_of_record
SF:lib\src\features\url_shortener\presentation\widgets\url_shortener_list.dart
DA:8,7
DA:10,3
DA:12,3
DA:13,6
DA:14,1
DA:15,1
DA:16,1
DA:17,0
DA:18,0
DA:19,2
DA:21,2
DA:24,3
DA:25,6
DA:29,3
DA:30,6
DA:31,1
DA:33,1
DA:34,2
DA:35,1
DA:42,1
DA:46,1
DA:49,1
DA:50,1
DA:51,1
DA:52,1
DA:54,1
LF:26
LH:24
end_of_record
SF:lib\src\features\url_shortener\presentation\widgets\url_shortener_shimmer.dart
DA:5,7
DA:7,1
DA:9,1
DA:11,1
DA:12,1
DA:13,1
DA:14,1
DA:15,1
DA:16,1
DA:18,1
DA:20,1
DA:21,1
DA:27,1
LF:13
LH:13
end_of_record
